<?xml version="1.0" encoding="UTF-8"?>
<!-- Generated by org.testng.reporters.JUnitXMLReporter -->
<testsuite ignored="0" hostname="MONO-HYD-LAP15" failures="1" tests="1" name="com.superapp.tests.VerifyAddNewLeadQuickLinkTest" time="29.183" errors="0" timestamp="2024-06-03T15:13:06 IST">
  <testcase classname="com.superapp.tests.VerifyAddNewLeadQuickLinkTest" name="clickOnAddNewLeadQuickLinkTest" time="13.424">
    <failure type="java.lang.AssertionError" message="expected [true] but found [false]">
      <![CDATA[java.lang.AssertionError: expected [true] but found [false]
at com.superapp.tests.VerifyAddNewLeadQuickLinkTest.clickOnAddNewLeadQuickLinkTest(VerifyAddNewLeadQuickLinkTest.java:50)
at java.base/java.util.ArrayList.forEach(ArrayList.java:1511)
at com.superapp.utils.GenerateDynamicTestNG.generateTestNGXMLFromExcel(GenerateDynamicTestNG.java:212)
at com.superapp.tests.AppRun.runApp(AppRun.java:12)
at java.base/java.util.ArrayList.forEach(ArrayList.java:1511)
... Removed 58 stack frames]]>
    </failure>
  </testcase> <!-- clickOnAddNewLeadQuickLinkTest -->
</testsuite> <!-- com.superapp.tests.VerifyAddNewLeadQuickLinkTest -->
